<?xml version="1.0" encoding="UTF-8"?>
<testsuites name="TC001" time="65.827" tests="2" failures="0" errors="0">
   <testsuite name="TC001" tests="2" failures="0" errors="0" time="65.827" skipped="0" timestamp="2022-10-15 15:29:12" hostname="rizky - RizkyAS" id="Test Suites/TC001">
      <properties>
         <property name="deviceName" value=""/>
         <property name="devicePlatform" value=""/>
         <property name="logFolder" value="C:\\Users\\rizky\\git\\profesi.io\\Reports\\20221015_152909\\TC001\\20221015_152909"/>
         <property name="logFiles" value="C:\\Users\\rizky\\git\\profesi.io\\Reports\\20221015_152909\\TC001\\20221015_152909\\execution0.log"/>
         <property name="attachments" value="C:\\Users\\rizky\\git\\profesi.io\\Reports\\20221015_152909\\TC001\\20221015_152909\\Screenshots/Test Cases/Login/Login.png, C:\\Users\\rizky\\git\\profesi.io\\Reports\\20221015_152909\\TC001\\20221015_152909\\Screenshots/Test Cases/Assessment/Create Assessment enable fitur Lakukan Penilaian Diri Sendiri and disable fitur Aktifkan Fitur Komentar and Gunakan Skor dan Kategori.png"/>
         <property name="hostName" value="rizky - RizkyAS"/>
         <property name="os" value="Windows 10 64bit"/>
         <property name="katalonVersion" value="8.1.0.208"/>
         <property name="browser" value="Chrome 106.0.0.0"/>
         <property name="hostAddress" value="192.168.0.14"/>
         <property name="sessionId" value="cf3b1c9598cfc365b35177958b2af7bf"/>
         <property name="seleniumVersion" value="3.141.59"/>
         <property name="proxyInformation" value="ProxyInformation { proxyOption=NO_PROXY, proxyServerType=HTTP, username=, password=********, proxyServerAddress=, proxyServerPort=0, executionList=&quot;&quot;, isApplyToDesiredCapabilities=true }"/>
         <property name="platform" value="Windows 10"/>
      </properties>
      <testcase name="Test Cases/Login/Login" time="35.478" classname="Test Cases/Login/Login" status="PASSED">
         <system-out><![CDATA[2022-10-15 15:29:12 - [TEST_CASE][PASSED] - Test Cases/Login/Login: Test Cases/Login/Login

2022-10-15 15:29:12 - [TEST_STEP][PASSED] - Start listener action : sampleBeforeTestCase: null

2022-10-15 15:29:12 - [TEST_STEP][PASSED] - println(testCaseContext.getTestCaseId()): null

2022-10-15 15:29:12 - [TEST_STEP][PASSED] - println(testCaseContext.getTestCaseVariables()): null

2022-10-15 15:29:12 - [TEST_STEP][PASSED] - openBrowser("https://dev-company.profesi.io/auth/login"): Browser is opened with url: 'https://dev-company.profesi.io/auth/login'

2022-10-15 15:29:13 - [MESSAGE][INFO] - Starting 'Chrome' driver

2022-10-15 15:29:13 - [MESSAGE][INFO] - Action delay is set to 0 milliseconds

2022-10-15 15:29:23 - [MESSAGE][PASSED] - Browser is opened with url: 'https://dev-company.profesi.io/auth/login'

2022-10-15 15:29:23 - [TEST_STEP][PASSED] - maximizeWindow(STOP_ON_FAILURE): Current window maximized

2022-10-15 15:29:23 - [MESSAGE][PASSED] - Current window maximized

2022-10-15 15:29:23 - [TEST_STEP][PASSED] - setText(findTestObject("Login/Input Email"), email): Text 'recruitmentqaprofesi@yopmail.com' is set on object 'Object Repository/Login/Input Email'

2022-10-15 15:29:24 - [MESSAGE][PASSED] - Text 'recruitmentqaprofesi@yopmail.com' is set on object 'Object Repository/Login/Input Email'

2022-10-15 15:29:24 - [TEST_STEP][PASSED] - setText(findTestObject("Login/Input Password"), password): Text 'Qapr0fes1
' is set on object 'Object Repository/Login/Input Password'

2022-10-15 15:29:25 - [MESSAGE][PASSED] - Text 'Qapr0fes1
' is set on object 'Object Repository/Login/Input Password'

2022-10-15 15:29:25 - [TEST_STEP][PASSED] - click(findTestObject("Login/Remember Me")): Object: 'Object Repository/Login/Remember Me' is clicked on

2022-10-15 15:29:26 - [MESSAGE][PASSED] - Object: 'Object Repository/Login/Remember Me' is clicked on

2022-10-15 15:29:26 - [TEST_STEP][PASSED] - delay(10): Delayed 10 second(s)

2022-10-15 15:29:36 - [MESSAGE][PASSED] - Delayed 10 second(s)

2022-10-15 15:29:36 - [TEST_STEP][PASSED] - click(findTestObject("Login/Button Login")): Object: 'Object Repository/Login/Button Login' is clicked on

2022-10-15 15:29:37 - [MESSAGE][PASSED] - Object: 'Object Repository/Login/Button Login' is clicked on

2022-10-15 15:29:37 - [TEST_STEP][PASSED] - delay(10): Delayed 10 second(s)

2022-10-15 15:29:47 - [MESSAGE][PASSED] - Delayed 10 second(s)

2022-10-15 15:29:47 - [TEST_STEP][PASSED] - verifyElementPresent(findTestObject("Home Page/Profile"), 15): Object 'Object Repository/Home Page/Profile' is present

2022-10-15 15:29:47 - [MESSAGE][PASSED] - Object 'Object Repository/Home Page/Profile' is present

2022-10-15 15:29:47 - [TEST_STEP][PASSED] - Start listener action : sampleAfterTestCase: null

2022-10-15 15:29:47 - [TEST_STEP][PASSED] - println(testCaseContext.getTestCaseId()): null

2022-10-15 15:29:47 - [TEST_STEP][PASSED] - println(testCaseContext.getTestCaseStatus()): null

2022-10-15 15:29:47 - [TEST_STEP][PASSED] - path = "Screenshots/" + testCaseId + ".png": null

2022-10-15 15:29:47 - [TEST_STEP][PASSED] - takeScreenshot(path): Taking screenshot successfully

2022-10-15 15:29:47 - [MESSAGE][PASSED] - Taking screenshot successfully
[[ATTACHMENT|C:\\Users\\rizky\\git\\profesi.io\\Reports\\20221015_152909\\TC001\\20221015_152909\\Screenshots/Test Cases/Login/Login.png]]

2022-10-15 15:29:47 - [TEST_STEP][PASSED] - testCaseId: null]]></system-out>
         <system-err><![CDATA[]]></system-err>
      </testcase>
      <testcase name="Test Cases/Assessment/Create Assessment enable fitur Lakukan Penilaian Diri Sendiri and disable fitur Aktifkan Fitur Komentar and Gunakan Skor dan Kategori" time="27.779" classname="Test Cases/Assessment/Create Assessment enable fitur Lakukan Penilaian Diri Sendiri and disable fitur Aktifkan Fitur Komentar and Gunakan Skor dan Kategori" status="PASSED">
         <system-out><![CDATA[2022-10-15 15:29:47 - [TEST_CASE][PASSED] - Test Cases/Assessment/Create Assessment enable fitur Lakukan Penilaian Diri Sendiri and disable fitur Aktifkan Fitur Komentar and Gunakan Skor dan Kategori: Test Cases/Assessment/Create Assessment enable fitur Lakukan Penilaian Diri Sendiri and disable fitur Aktifkan Fitur Komentar and Gunakan Skor dan Kategori

2022-10-15 15:29:47 - [TEST_STEP][PASSED] - Start listener action : sampleBeforeTestCase: null

2022-10-15 15:29:47 - [TEST_STEP][PASSED] - println(testCaseContext.getTestCaseId()): null

2022-10-15 15:29:47 - [TEST_STEP][PASSED] - println(testCaseContext.getTestCaseVariables()): null

2022-10-15 15:29:48 - [TEST_STEP][PASSED] - click(findTestObject("Object Repository/Assessment Page/Page_Profesi.io/span_Buat Asesmen")): Object: 'Object Repository/Assessment Page/Page_Profesi.io/span_Buat Asesmen' is clicked on

2022-10-15 15:29:48 - [MESSAGE][PASSED] - Object: 'Object Repository/Assessment Page/Page_Profesi.io/span_Buat Asesmen' is clicked on

2022-10-15 15:29:48 - [TEST_STEP][PASSED] - click(findTestObject("Object Repository/Assessment Page/Page_Profesi.io/input_Email_vs-inputx vs-input--input norma_38a119")): Object: 'Object Repository/Assessment Page/Page_Profesi.io/input_Email_vs-inputx vs-input--input norma_38a119' is clicked on

2022-10-15 15:29:51 - [MESSAGE][PASSED] - Object: 'Object Repository/Assessment Page/Page_Profesi.io/input_Email_vs-inputx vs-input--input norma_38a119' is clicked on

2022-10-15 15:29:51 - [TEST_STEP][PASSED] - setText(findTestObject("Object Repository/Assessment Page/Page_Profesi.io/input_Email_vs-inputx vs-input--input norma_38a119"), "Create Asesmen dengan enable fitur Lakukan Penilaian Diri Sendiri and disable fitur Aktifkan Fitur Komentar and Gunakan Skor dan Kategori"): Text 'Create Asesmen dengan enable fitur Lakukan Penilaian Diri Sendiri and disable fitur Aktifkan Fitur Komentar and Gunakan Skor dan Kategori' is set on object 'Object Repository/Assessment Page/Page_Profesi.io/input_Email_vs-inputx vs-input--input norma_38a119'

2022-10-15 15:29:52 - [MESSAGE][PASSED] - Text 'Create Asesmen dengan enable fitur Lakukan Penilaian Diri Sendiri and disable fitur Aktifkan Fitur Komentar and Gunakan Skor dan Kategori' is set on object 'Object Repository/Assessment Page/Page_Profesi.io/input_Email_vs-inputx vs-input--input norma_38a119'

2022-10-15 15:29:52 - [TEST_STEP][PASSED] - click(findTestObject("Object Repository/Assessment Page/Page_Profesi.io/input")): Object: 'Object Repository/Assessment Page/Page_Profesi.io/input' is clicked on

2022-10-15 15:29:53 - [MESSAGE][PASSED] - Object: 'Object Repository/Assessment Page/Page_Profesi.io/input' is clicked on

2022-10-15 15:29:53 - [TEST_STEP][PASSED] - click(findTestObject("Object Repository/Assessment Page/Page_Profesi.io/span_1")): Object: 'Object Repository/Assessment Page/Page_Profesi.io/span_1' is clicked on

2022-10-15 15:29:53 - [MESSAGE][PASSED] - Object: 'Object Repository/Assessment Page/Page_Profesi.io/span_1' is clicked on

2022-10-15 15:29:53 - [TEST_STEP][PASSED] - click(findTestObject("Object Repository/Assessment Page/Page_Profesi.io/input_1")): Object: 'Object Repository/Assessment Page/Page_Profesi.io/input_1' is clicked on

2022-10-15 15:29:53 - [MESSAGE][PASSED] - Object: 'Object Repository/Assessment Page/Page_Profesi.io/input_1' is clicked on

2022-10-15 15:29:53 - [TEST_STEP][PASSED] - click(findTestObject("Object Repository/Assessment Page/Page_Profesi.io/span_2")): Object: 'Object Repository/Assessment Page/Page_Profesi.io/span_2' is clicked on

2022-10-15 15:29:54 - [MESSAGE][PASSED] - Object: 'Object Repository/Assessment Page/Page_Profesi.io/span_2' is clicked on

2022-10-15 15:29:54 - [TEST_STEP][PASSED] - click(findTestObject("Assessment Page/Page_Profesi.io/Disable Aktifkan Fitur Komentar")): Object: 'Object Repository/Assessment Page/Page_Profesi.io/Disable Aktifkan Fitur Komentar' is clicked on

2022-10-15 15:29:54 - [MESSAGE][PASSED] - Object: 'Object Repository/Assessment Page/Page_Profesi.io/Disable Aktifkan Fitur Komentar' is clicked on

2022-10-15 15:29:54 - [TEST_STEP][PASSED] - click(findTestObject("Assessment Page/Page_Profesi.io/Disable Gunakan Skor dan Kategori Kesesuaian Kompetensi")): Object: 'Object Repository/Assessment Page/Page_Profesi.io/Disable Gunakan Skor dan Kategori Kesesuaian Kompetensi' is clicked on

2022-10-15 15:29:55 - [MESSAGE][PASSED] - Object: 'Object Repository/Assessment Page/Page_Profesi.io/Disable Gunakan Skor dan Kategori Kesesuaian Kompetensi' is clicked on

2022-10-15 15:29:55 - [TEST_STEP][PASSED] - setText(findTestObject("Object Repository/Assessment Page/Page_Profesi.io/Search Daftar Jabatan"), "SDM"): Text 'SDM' is set on object 'Object Repository/Assessment Page/Page_Profesi.io/Search Daftar Jabatan'

2022-10-15 15:29:55 - [MESSAGE][PASSED] - Text 'SDM' is set on object 'Object Repository/Assessment Page/Page_Profesi.io/Search Daftar Jabatan'

2022-10-15 15:29:55 - [TEST_STEP][PASSED] - sendKeys(findTestObject("Object Repository/Assessment Page/Page_Profesi.io/Search Daftar Jabatan"), Keys.chord(ENTER)): Keys 'ENTER + ' sent to object: 'Object Repository/Assessment Page/Page_Profesi.io/Search Daftar Jabatan'

2022-10-15 15:29:56 - [MESSAGE][PASSED] - Keys 'ENTER + ' sent to object: 'Object Repository/Assessment Page/Page_Profesi.io/Search Daftar Jabatan'

2022-10-15 15:29:56 - [TEST_STEP][PASSED] - setText(findTestObject("Object Repository/Assessment Page/Page_Profesi.io/Search Daftar Pegawai"), "Cri"): Text 'Cri' is set on object 'Object Repository/Assessment Page/Page_Profesi.io/Search Daftar Pegawai'

2022-10-15 15:29:57 - [MESSAGE][PASSED] - Text 'Cri' is set on object 'Object Repository/Assessment Page/Page_Profesi.io/Search Daftar Pegawai'

2022-10-15 15:29:57 - [TEST_STEP][PASSED] - click(findTestObject("Object Repository/Assessment Page/Page_Profesi.io/div_Kepala Divisi SDM  Cristiano Ronaldo   _a7a188")): Object: 'Object Repository/Assessment Page/Page_Profesi.io/div_Kepala Divisi SDM  Cristiano Ronaldo   _a7a188' is clicked on

2022-10-15 15:29:58 - [MESSAGE][PASSED] - Object: 'Object Repository/Assessment Page/Page_Profesi.io/div_Kepala Divisi SDM  Cristiano Ronaldo   _a7a188' is clicked on

2022-10-15 15:29:58 - [TEST_STEP][PASSED] - click(findTestObject("Object Repository/Assessment Page/Page_Profesi.io/button_Tambah")): Object: 'Object Repository/Assessment Page/Page_Profesi.io/button_Tambah' is clicked on

2022-10-15 15:29:58 - [MESSAGE][PASSED] - Object: 'Object Repository/Assessment Page/Page_Profesi.io/button_Tambah' is clicked on

2022-10-15 15:29:58 - [TEST_STEP][PASSED] - click(findTestObject("Assessment Page/Page_Profesi.io/Button Atasan"), STOP_ON_FAILURE): Object: 'Object Repository/Assessment Page/Page_Profesi.io/Button Atasan' is clicked on

2022-10-15 15:30:00 - [MESSAGE][PASSED] - Object: 'Object Repository/Assessment Page/Page_Profesi.io/Button Atasan' is clicked on

2022-10-15 15:30:00 - [TEST_STEP][PASSED] - click(findTestObject("Assessment Page/Page_Profesi.io/Click Marc Marquez"), STOP_ON_FAILURE): Object: 'Object Repository/Assessment Page/Page_Profesi.io/Click Marc Marquez' is clicked on

2022-10-15 15:30:00 - [MESSAGE][PASSED] - Object: 'Object Repository/Assessment Page/Page_Profesi.io/Click Marc Marquez' is clicked on

2022-10-15 15:30:00 - [TEST_STEP][PASSED] - click(findTestObject("Assessment Page/Page_Profesi.io/Rekan Kerja")): Object: 'Object Repository/Assessment Page/Page_Profesi.io/Rekan Kerja' is clicked on

2022-10-15 15:30:01 - [MESSAGE][PASSED] - Object: 'Object Repository/Assessment Page/Page_Profesi.io/Rekan Kerja' is clicked on

2022-10-15 15:30:01 - [TEST_STEP][PASSED] - click(findTestObject("Assessment Page/Page_Profesi.io/Click Lionel Mesi")): Object: 'Object Repository/Assessment Page/Page_Profesi.io/Click Lionel Mesi' is clicked on

2022-10-15 15:30:01 - [MESSAGE][PASSED] - Object: 'Object Repository/Assessment Page/Page_Profesi.io/Click Lionel Mesi' is clicked on

2022-10-15 15:30:01 - [TEST_STEP][PASSED] - click(findTestObject("Assessment Page/Page_Profesi.io/Bawahan"), STOP_ON_FAILURE): Object: 'Object Repository/Assessment Page/Page_Profesi.io/Bawahan' is clicked on

2022-10-15 15:30:02 - [MESSAGE][PASSED] - Object: 'Object Repository/Assessment Page/Page_Profesi.io/Bawahan' is clicked on

2022-10-15 15:30:02 - [TEST_STEP][PASSED] - delay(5): Delayed 5 second(s)

2022-10-15 15:30:07 - [MESSAGE][PASSED] - Delayed 5 second(s)

2022-10-15 15:30:07 - [TEST_STEP][PASSED] - click(findTestObject("Assessment Page/Page_Profesi.io/Click Neymar Jr")): Object: 'Object Repository/Assessment Page/Page_Profesi.io/Click Neymar Jr' is clicked on

2022-10-15 15:30:08 - [MESSAGE][PASSED] - Object: 'Object Repository/Assessment Page/Page_Profesi.io/Click Neymar Jr' is clicked on

2022-10-15 15:30:08 - [TEST_STEP][PASSED] - delay(3): Delayed 3 second(s)

2022-10-15 15:30:11 - [MESSAGE][PASSED] - Delayed 3 second(s)

2022-10-15 15:30:11 - [TEST_STEP][PASSED] - click(findTestObject("Assessment Page/Page_Profesi.io/Button Tambah Asesi"), STOP_ON_FAILURE): Object: 'Object Repository/Assessment Page/Page_Profesi.io/Button Tambah Asesi' is clicked on

2022-10-15 15:30:11 - [MESSAGE][PASSED] - Object: 'Object Repository/Assessment Page/Page_Profesi.io/Button Tambah Asesi' is clicked on

2022-10-15 15:30:11 - [TEST_STEP][PASSED] - click(findTestObject("Assessment Page/Page_Profesi.io/Button Draft"), STOP_ON_FAILURE): Object: 'Object Repository/Assessment Page/Page_Profesi.io/Button Draft' is clicked on

2022-10-15 15:30:12 - [MESSAGE][PASSED] - Object: 'Object Repository/Assessment Page/Page_Profesi.io/Button Draft' is clicked on

2022-10-15 15:30:12 - [TEST_STEP][PASSED] - Start listener action : sampleAfterTestCase: null

2022-10-15 15:30:12 - [TEST_STEP][PASSED] - println(testCaseContext.getTestCaseId()): null

2022-10-15 15:30:12 - [TEST_STEP][PASSED] - println(testCaseContext.getTestCaseStatus()): null

2022-10-15 15:30:12 - [TEST_STEP][PASSED] - path = "Screenshots/" + testCaseId + ".png": null

2022-10-15 15:30:12 - [TEST_STEP][PASSED] - takeScreenshot(path): Taking screenshot successfully

2022-10-15 15:30:15 - [MESSAGE][PASSED] - Taking screenshot successfully
[[ATTACHMENT|C:\\Users\\rizky\\git\\profesi.io\\Reports\\20221015_152909\\TC001\\20221015_152909\\Screenshots/Test Cases/Assessment/Create Assessment enable fitur Lakukan Penilaian Diri Sendiri and disable fitur Aktifkan Fitur Komentar and Gunakan Skor dan Kategori.png]]

2022-10-15 15:30:15 - [TEST_STEP][PASSED] - testCaseId: null]]></system-out>
         <system-err><![CDATA[]]></system-err>
      </testcase>
      <system-out><![CDATA[2022-10-15 15:29:12 - [TEST_SUITE][PASSED] - TC001: Test Cases/Assessment/Create Assessment enable fitur Lakukan Penilaian Diri Sendiri and disable fitur Aktifkan Fitur Komentar and Gunakan Skor dan Kategori]]></system-out>
      <system-err><![CDATA[]]></system-err>
   </testsuite>
</testsuites>
